<?xml version="1.0" encoding="UTF-8"?>
<testng-results ignored="0" total="2" passed="2" failed="0" skipped="0">
  <reporter-output>
  </reporter-output>
  <suite started-at="2024-02-29T09:38:57 IST" name="Suite" finished-at="2024-02-29T09:39:18 IST" duration-ms="20227">
    <groups>
    </groups>
    <test started-at="2024-02-29T09:38:57 IST" name="Test" finished-at="2024-02-29T09:39:18 IST" duration-ms="20227">
      <class name="demo1.Read">
        <test-method signature="fblogin()[pri:0, instance:demo1.Read@53976f5c]" started-at="2024-02-29T09:38:58 IST" name="fblogin" finished-at="2024-02-29T09:39:08 IST" duration-ms="10731" status="PASS">
          <reporter-output>
          </reporter-output>
        </test-method> <!-- fblogin -->
      </class> <!-- demo1.Read -->
      <class name="demo1.Write">
        <test-method signature="fblogin()[pri:0, instance:demo1.Write@5ace1ed4]" started-at="2024-02-29T09:39:08 IST" name="fblogin" finished-at="2024-02-29T09:39:18 IST" duration-ms="9423" status="PASS">
          <reporter-output>
          </reporter-output>
        </test-method> <!-- fblogin -->
      </class> <!-- demo1.Write -->
    </test> <!-- Test -->
  </suite> <!-- Suite -->
</testng-results>
