<?xml version="1.0" encoding="UTF-8"?>
<testng-results ignored="0" total="1" passed="1" failed="0" skipped="0">
  <reporter-output>
  </reporter-output>
  <suite started-at="2024-02-27T14:06:09 IST" name="Default suite" finished-at="2024-02-27T14:06:21 IST" duration-ms="11933">
    <groups>
    </groups>
    <test started-at="2024-02-27T14:06:09 IST" name="Default test" finished-at="2024-02-27T14:06:21 IST" duration-ms="11933">
      <class name="demo1.Write">
        <test-method signature="fblogin()[pri:0, instance:demo1.Write@4659191b]" started-at="2024-02-27T14:06:09 IST" name="fblogin" finished-at="2024-02-27T14:06:21 IST" duration-ms="11872" status="PASS">
          <reporter-output>
          </reporter-output>
        </test-method> <!-- fblogin -->
      </class> <!-- demo1.Write -->
    </test> <!-- Default test -->
  </suite> <!-- Default suite -->
</testng-results>
