<?xml version="1.0" encoding="UTF-8"?>
<testng-results ignored="0" total="2" passed="2" failed="0" skipped="0">
  <reporter-output>
  </reporter-output>
  <suite started-at="2024-02-28T20:23:40 IST" name="Suite" finished-at="2024-02-28T20:23:57 IST" duration-ms="16971">
    <groups>
    </groups>
    <test started-at="2024-02-28T20:23:40 IST" name="Test" finished-at="2024-02-28T20:23:57 IST" duration-ms="16971">
      <class name="demo1.Read">
        <test-method signature="fblogin()[pri:0, instance:demo1.Read@659499f1]" started-at="2024-02-28T20:23:40 IST" name="fblogin" finished-at="2024-02-28T20:23:48 IST" duration-ms="7802" status="PASS">
          <reporter-output>
          </reporter-output>
        </test-method> <!-- fblogin -->
      </class> <!-- demo1.Read -->
      <class name="demo1.Write">
        <test-method signature="fblogin()[pri:0, instance:demo1.Write@6bd61f98]" started-at="2024-02-28T20:23:48 IST" name="fblogin" finished-at="2024-02-28T20:23:57 IST" duration-ms="9117" status="PASS">
          <reporter-output>
          </reporter-output>
        </test-method> <!-- fblogin -->
      </class> <!-- demo1.Write -->
    </test> <!-- Test -->
  </suite> <!-- Suite -->
</testng-results>
